0 info it worked if it ends with ok
1 verbose cli [ 'C:\\Program Files\\nodejs\\node.exe',
1 verbose cli   'C:\\Program Files\\nodejs\\node_modules\\npm\\bin\\npm-cli.js',
1 verbose cli   'update' ]
2 info using npm@3.8.3
3 info using node@v5.10.0
4 silly mapToRegistry name del
5 silly mapToRegistry using default registry
6 silly mapToRegistry registry https://registry.npmjs.org/
7 silly mapToRegistry data Result {
7 silly mapToRegistry   raw: 'del',
7 silly mapToRegistry   scope: null,
7 silly mapToRegistry   name: 'del',
7 silly mapToRegistry   rawSpec: '',
7 silly mapToRegistry   spec: 'latest',
7 silly mapToRegistry   type: 'tag' }
8 silly mapToRegistry uri https://registry.npmjs.org/del
9 silly mapToRegistry name gulp-param
10 silly mapToRegistry using default registry
11 silly mapToRegistry registry https://registry.npmjs.org/
12 silly mapToRegistry data Result {
12 silly mapToRegistry   raw: 'gulp-param',
12 silly mapToRegistry   scope: null,
12 silly mapToRegistry   name: 'gulp-param',
12 silly mapToRegistry   rawSpec: '',
12 silly mapToRegistry   spec: 'latest',
12 silly mapToRegistry   type: 'tag' }
13 silly mapToRegistry uri https://registry.npmjs.org/gulp-param
14 silly mapToRegistry name gulp-zip
15 silly mapToRegistry using default registry
16 silly mapToRegistry registry https://registry.npmjs.org/
17 silly mapToRegistry data Result {
17 silly mapToRegistry   raw: 'gulp-zip',
17 silly mapToRegistry   scope: null,
17 silly mapToRegistry   name: 'gulp-zip',
17 silly mapToRegistry   rawSpec: '',
17 silly mapToRegistry   spec: 'latest',
17 silly mapToRegistry   type: 'tag' }
18 silly mapToRegistry uri https://registry.npmjs.org/gulp-zip
19 silly mapToRegistry name merge-stream
20 silly mapToRegistry using default registry
21 silly mapToRegistry registry https://registry.npmjs.org/
22 silly mapToRegistry data Result {
22 silly mapToRegistry   raw: 'merge-stream',
22 silly mapToRegistry   scope: null,
22 silly mapToRegistry   name: 'merge-stream',
22 silly mapToRegistry   rawSpec: '',
22 silly mapToRegistry   spec: 'latest',
22 silly mapToRegistry   type: 'tag' }
23 silly mapToRegistry uri https://registry.npmjs.org/merge-stream
24 silly mapToRegistry name run-sequence
25 silly mapToRegistry using default registry
26 silly mapToRegistry registry https://registry.npmjs.org/
27 silly mapToRegistry data Result {
27 silly mapToRegistry   raw: 'run-sequence',
27 silly mapToRegistry   scope: null,
27 silly mapToRegistry   name: 'run-sequence',
27 silly mapToRegistry   rawSpec: '',
27 silly mapToRegistry   spec: 'latest',
27 silly mapToRegistry   type: 'tag' }
28 silly mapToRegistry uri https://registry.npmjs.org/run-sequence
29 silly mapToRegistry name xml2js
30 silly mapToRegistry using default registry
31 silly mapToRegistry registry https://registry.npmjs.org/
32 silly mapToRegistry data Result {
32 silly mapToRegistry   raw: 'xml2js',
32 silly mapToRegistry   scope: null,
32 silly mapToRegistry   name: 'xml2js',
32 silly mapToRegistry   rawSpec: '',
32 silly mapToRegistry   spec: 'latest',
32 silly mapToRegistry   type: 'tag' }
33 silly mapToRegistry uri https://registry.npmjs.org/xml2js
34 silly mapToRegistry name gulp
35 silly mapToRegistry using default registry
36 silly mapToRegistry registry https://registry.npmjs.org/
37 silly mapToRegistry data Result {
37 silly mapToRegistry   raw: 'gulp',
37 silly mapToRegistry   scope: null,
37 silly mapToRegistry   name: 'gulp',
37 silly mapToRegistry   rawSpec: '',
37 silly mapToRegistry   spec: 'latest',
37 silly mapToRegistry   type: 'tag' }
38 silly mapToRegistry uri https://registry.npmjs.org/gulp
39 verbose request uri https://registry.npmjs.org/gulp-param
40 verbose request no auth needed
41 info attempt registry request try #1 at 17:10:38
42 verbose request id ae890bbb77d6bc09
43 verbose etag "2E7N8F0EJ4DMP1ZGLOMEEGLZB"
44 http request GET https://registry.npmjs.org/gulp-param
45 verbose request uri https://registry.npmjs.org/gulp-zip
46 verbose request no auth needed
47 info attempt registry request try #1 at 17:10:38
48 verbose etag "3QFMIVLUUOSAK8T79BWQGOOOR"
49 http request GET https://registry.npmjs.org/gulp-zip
50 verbose request uri https://registry.npmjs.org/run-sequence
51 verbose request no auth needed
52 info attempt registry request try #1 at 17:10:38
53 verbose etag "7SYY7S5I5J5IJTA1FTFRU0OCZ"
54 http request GET https://registry.npmjs.org/run-sequence
55 verbose request uri https://registry.npmjs.org/gulp
56 verbose request no auth needed
57 info attempt registry request try #1 at 17:10:38
58 verbose etag "9YI8ZHLLW67A3R1CUTJ74LISX"
59 http request GET https://registry.npmjs.org/gulp
60 verbose request uri https://registry.npmjs.org/merge-stream
61 verbose request no auth needed
62 info attempt registry request try #1 at 17:10:38
63 verbose etag "6EC5JG6QKSKMIQIP2KKGMMAVH"
64 http request GET https://registry.npmjs.org/merge-stream
65 verbose request uri https://registry.npmjs.org/del
66 verbose request no auth needed
67 info attempt registry request try #1 at 17:10:38
68 verbose etag "7PF9EYP3MCBQR3BZ34OJOU5IW"
69 http request GET https://registry.npmjs.org/del
70 verbose request uri https://registry.npmjs.org/xml2js
71 verbose request no auth needed
72 info attempt registry request try #1 at 17:10:38
73 verbose etag "4129ONRVAK0U100U4QE1Z0K23"
74 http request GET https://registry.npmjs.org/xml2js
75 http 304 https://registry.npmjs.org/run-sequence
76 verbose headers { date: 'Wed, 06 Apr 2016 14:10:38 GMT',
76 verbose headers   via: '1.1 varnish',
76 verbose headers   'cache-control': 'max-age=300',
76 verbose headers   etag: '"7SYY7S5I5J5IJTA1FTFRU0OCZ"',
76 verbose headers   age: '47',
76 verbose headers   connection: 'keep-alive',
76 verbose headers   'x-served-by': 'cache-ams4148-AMS',
76 verbose headers   'x-cache': 'HIT',
76 verbose headers   'x-cache-hits': '2',
76 verbose headers   'x-timer': 'S1459951838.856589,VS0,VE0',
76 verbose headers   vary: 'Accept-Encoding' }
77 silly get cb [ 304,
77 silly get   { date: 'Wed, 06 Apr 2016 14:10:38 GMT',
77 silly get     via: '1.1 varnish',
77 silly get     'cache-control': 'max-age=300',
77 silly get     etag: '"7SYY7S5I5J5IJTA1FTFRU0OCZ"',
77 silly get     age: '47',
77 silly get     connection: 'keep-alive',
77 silly get     'x-served-by': 'cache-ams4148-AMS',
77 silly get     'x-cache': 'HIT',
77 silly get     'x-cache-hits': '2',
77 silly get     'x-timer': 'S1459951838.856589,VS0,VE0',
77 silly get     vary: 'Accept-Encoding' } ]
78 verbose etag https://registry.npmjs.org/run-sequence from cache
79 verbose get saving run-sequence to C:\Users\kosarev_a\AppData\Roaming\npm-cache\registry.npmjs.org\run-sequence\.cache.json
80 verbose correctMkdir C:\Users\kosarev_a\AppData\Roaming\npm-cache correctMkdir not in flight; initializing
81 http 304 https://registry.npmjs.org/gulp
82 verbose headers { date: 'Wed, 06 Apr 2016 14:10:38 GMT',
82 verbose headers   via: '1.1 varnish',
82 verbose headers   'cache-control': 'max-age=300',
82 verbose headers   etag: '"9YI8ZHLLW67A3R1CUTJ74LISX"',
82 verbose headers   age: '262',
82 verbose headers   connection: 'keep-alive',
82 verbose headers   'x-served-by': 'cache-ams4121-AMS',
82 verbose headers   'x-cache': 'HIT',
82 verbose headers   'x-cache-hits': '8',
82 verbose headers   'x-timer': 'S1459951838.858252,VS0,VE0',
82 verbose headers   vary: 'Accept-Encoding' }
83 silly get cb [ 304,
83 silly get   { date: 'Wed, 06 Apr 2016 14:10:38 GMT',
83 silly get     via: '1.1 varnish',
83 silly get     'cache-control': 'max-age=300',
83 silly get     etag: '"9YI8ZHLLW67A3R1CUTJ74LISX"',
83 silly get     age: '262',
83 silly get     connection: 'keep-alive',
83 silly get     'x-served-by': 'cache-ams4121-AMS',
83 silly get     'x-cache': 'HIT',
83 silly get     'x-cache-hits': '8',
83 silly get     'x-timer': 'S1459951838.858252,VS0,VE0',
83 silly get     vary: 'Accept-Encoding' } ]
84 verbose etag https://registry.npmjs.org/gulp from cache
85 verbose get saving gulp to C:\Users\kosarev_a\AppData\Roaming\npm-cache\registry.npmjs.org\gulp\.cache.json
86 verbose correctMkdir C:\Users\kosarev_a\AppData\Roaming\npm-cache correctMkdir already in flight; waiting
87 http 304 https://registry.npmjs.org/gulp-zip
88 verbose headers { date: 'Wed, 06 Apr 2016 14:10:38 GMT',
88 verbose headers   via: '1.1 varnish',
88 verbose headers   'cache-control': 'max-age=300',
88 verbose headers   etag: '"3QFMIVLUUOSAK8T79BWQGOOOR"',
88 verbose headers   age: '286',
88 verbose headers   connection: 'keep-alive',
88 verbose headers   'x-served-by': 'cache-ams4120-AMS',
88 verbose headers   'x-cache': 'HIT',
88 verbose headers   'x-cache-hits': '2',
88 verbose headers   'x-timer': 'S1459951838.860748,VS0,VE0',
88 verbose headers   vary: 'Accept-Encoding' }
89 silly get cb [ 304,
89 silly get   { date: 'Wed, 06 Apr 2016 14:10:38 GMT',
89 silly get     via: '1.1 varnish',
89 silly get     'cache-control': 'max-age=300',
89 silly get     etag: '"3QFMIVLUUOSAK8T79BWQGOOOR"',
89 silly get     age: '286',
89 silly get     connection: 'keep-alive',
89 silly get     'x-served-by': 'cache-ams4120-AMS',
89 silly get     'x-cache': 'HIT',
89 silly get     'x-cache-hits': '2',
89 silly get     'x-timer': 'S1459951838.860748,VS0,VE0',
89 silly get     vary: 'Accept-Encoding' } ]
90 verbose etag https://registry.npmjs.org/gulp-zip from cache
91 verbose get saving gulp-zip to C:\Users\kosarev_a\AppData\Roaming\npm-cache\registry.npmjs.org\gulp-zip\.cache.json
92 verbose correctMkdir C:\Users\kosarev_a\AppData\Roaming\npm-cache correctMkdir already in flight; waiting
93 http 304 https://registry.npmjs.org/del
94 verbose headers { date: 'Wed, 06 Apr 2016 14:10:38 GMT',
94 verbose headers   via: '1.1 varnish',
94 verbose headers   'cache-control': 'max-age=300',
94 verbose headers   etag: '"7PF9EYP3MCBQR3BZ34OJOU5IW"',
94 verbose headers   age: '10',
94 verbose headers   connection: 'keep-alive',
94 verbose headers   'x-served-by': 'cache-ams4132-AMS',
94 verbose headers   'x-cache': 'HIT',
94 verbose headers   'x-cache-hits': '1',
94 verbose headers   'x-timer': 'S1459951838.861840,VS0,VE0',
94 verbose headers   vary: 'Accept-Encoding' }
95 silly get cb [ 304,
95 silly get   { date: 'Wed, 06 Apr 2016 14:10:38 GMT',
95 silly get     via: '1.1 varnish',
95 silly get     'cache-control': 'max-age=300',
95 silly get     etag: '"7PF9EYP3MCBQR3BZ34OJOU5IW"',
95 silly get     age: '10',
95 silly get     connection: 'keep-alive',
95 silly get     'x-served-by': 'cache-ams4132-AMS',
95 silly get     'x-cache': 'HIT',
95 silly get     'x-cache-hits': '1',
95 silly get     'x-timer': 'S1459951838.861840,VS0,VE0',
95 silly get     vary: 'Accept-Encoding' } ]
96 verbose etag https://registry.npmjs.org/del from cache
97 verbose get saving del to C:\Users\kosarev_a\AppData\Roaming\npm-cache\registry.npmjs.org\del\.cache.json
98 verbose correctMkdir C:\Users\kosarev_a\AppData\Roaming\npm-cache correctMkdir already in flight; waiting
99 http 304 https://registry.npmjs.org/merge-stream
100 verbose headers { date: 'Wed, 06 Apr 2016 14:10:38 GMT',
100 verbose headers   via: '1.1 varnish',
100 verbose headers   'cache-control': 'max-age=300',
100 verbose headers   etag: '"6EC5JG6QKSKMIQIP2KKGMMAVH"',
100 verbose headers   age: '196',
100 verbose headers   connection: 'keep-alive',
100 verbose headers   'x-served-by': 'cache-ams4139-AMS',
100 verbose headers   'x-cache': 'HIT',
100 verbose headers   'x-cache-hits': '7',
100 verbose headers   'x-timer': 'S1459951838.864691,VS0,VE0',
100 verbose headers   vary: 'Accept-Encoding' }
101 silly get cb [ 304,
101 silly get   { date: 'Wed, 06 Apr 2016 14:10:38 GMT',
101 silly get     via: '1.1 varnish',
101 silly get     'cache-control': 'max-age=300',
101 silly get     etag: '"6EC5JG6QKSKMIQIP2KKGMMAVH"',
101 silly get     age: '196',
101 silly get     connection: 'keep-alive',
101 silly get     'x-served-by': 'cache-ams4139-AMS',
101 silly get     'x-cache': 'HIT',
101 silly get     'x-cache-hits': '7',
101 silly get     'x-timer': 'S1459951838.864691,VS0,VE0',
101 silly get     vary: 'Accept-Encoding' } ]
102 verbose etag https://registry.npmjs.org/merge-stream from cache
103 verbose get saving merge-stream to C:\Users\kosarev_a\AppData\Roaming\npm-cache\registry.npmjs.org\merge-stream\.cache.json
104 verbose correctMkdir C:\Users\kosarev_a\AppData\Roaming\npm-cache correctMkdir not in flight; initializing
105 silly cache add args [ 'gulp', '^4.0.0' ]
106 verbose cache add spec gulp@^4.0.0
107 silly cache add parsed spec Result {
107 silly cache add   raw: 'gulp@^4.0.0',
107 silly cache add   scope: null,
107 silly cache add   name: 'gulp',
107 silly cache add   rawSpec: '^4.0.0',
107 silly cache add   spec: '>=4.0.0 <5.0.0',
107 silly cache add   type: 'range' }
108 silly addNamed gulp@>=4.0.0 <5.0.0
109 verbose addNamed ">=4.0.0 <5.0.0" is a valid semver range for gulp
110 silly addNameRange { name: 'gulp', range: '>=4.0.0 <5.0.0', hasData: false }
111 silly mapToRegistry name gulp
112 silly mapToRegistry using default registry
113 silly mapToRegistry registry https://registry.npmjs.org/
114 silly mapToRegistry data Result {
114 silly mapToRegistry   raw: 'gulp',
114 silly mapToRegistry   scope: null,
114 silly mapToRegistry   name: 'gulp',
114 silly mapToRegistry   rawSpec: '',
114 silly mapToRegistry   spec: 'latest',
114 silly mapToRegistry   type: 'tag' }
115 silly mapToRegistry uri https://registry.npmjs.org/gulp
116 verbose addNameRange registry:https://registry.npmjs.org/gulp not in flight; fetching
117 verbose get https://registry.npmjs.org/gulp not expired, no request
118 silly addNameRange number 2 { name: 'gulp', range: '>=4.0.0 <5.0.0', hasData: true }
119 silly addNameRange versions [ 'gulp',
119 silly addNameRange   [ '0.0.1',
119 silly addNameRange     '0.0.2',
119 silly addNameRange     '0.0.3',
119 silly addNameRange     '0.0.4',
119 silly addNameRange     '0.0.5',
119 silly addNameRange     '0.0.7',
119 silly addNameRange     '0.0.8',
119 silly addNameRange     '0.0.9',
119 silly addNameRange     '0.1.0',
119 silly addNameRange     '0.2.0',
119 silly addNameRange     '1.0.0',
119 silly addNameRange     '1.1.0',
119 silly addNameRange     '1.2.0',
119 silly addNameRange     '1.2.1',
119 silly addNameRange     '2.0.0',
119 silly addNameRange     '2.0.1',
119 silly addNameRange     '2.1.0',
119 silly addNameRange     '2.2.0',
119 silly addNameRange     '2.3.0',
119 silly addNameRange     '2.4.0',
119 silly addNameRange     '2.4.1',
119 silly addNameRange     '2.6.0',
119 silly addNameRange     '2.6.1',
119 silly addNameRange     '2.7.0',
119 silly addNameRange     '3.0.0',
119 silly addNameRange     '3.1.1',
119 silly addNameRange     '3.1.2',
119 silly addNameRange     '3.1.3',
119 silly addNameRange     '3.1.4',
119 silly addNameRange     '3.2.0',
119 silly addNameRange     '3.2.1',
119 silly addNameRange     '3.2.2',
119 silly addNameRange     '3.2.3',
119 silly addNameRange     '3.2.4',
119 silly addNameRange     '3.2.5',
119 silly addNameRange     '3.3.0',
119 silly addNameRange     '3.3.1',
119 silly addNameRange     '3.3.2',
119 silly addNameRange     '3.3.4',
119 silly addNameRange     '3.4.0',
119 silly addNameRange     '3.5.0',
119 silly addNameRange     '3.5.1',
119 silly addNameRange     '3.5.2',
119 silly addNameRange     '3.5.5',
119 silly addNameRange     '3.5.6',
119 silly addNameRange     '3.6.0',
119 silly addNameRange     '3.6.1',
119 silly addNameRange     '3.6.2',
119 silly addNameRange     '3.7.0',
119 silly addNameRange     '3.8.0',
119 silly addNameRange     '3.8.1',
119 silly addNameRange     '3.8.2',
119 silly addNameRange     '3.8.3',
119 silly addNameRange     '3.8.4',
119 silly addNameRange     '3.8.5',
119 silly addNameRange     '3.8.6',
119 silly addNameRange     '3.8.7',
119 silly addNameRange     '3.8.8',
119 silly addNameRange     '3.8.9',
119 silly addNameRange     '3.8.10',
119 silly addNameRange     '3.8.11',
119 silly addNameRange     '3.9.0',
119 silly addNameRange     '3.9.1' ] ]
120 http 200 https://registry.npmjs.org/xml2js
121 verbose headers { server: 'CouchDB/1.5.0 (Erlang OTP/R16B03)',
121 verbose headers   etag: '"2CVDD1QTXQJQGU5RBFJG3SBY6"',
121 verbose headers   'content-type': 'application/json',
121 verbose headers   'cache-control': 'max-age=300',
121 verbose headers   'content-length': '119812',
121 verbose headers   'accept-ranges': 'bytes',
121 verbose headers   date: 'Wed, 06 Apr 2016 14:10:38 GMT',
121 verbose headers   via: '1.1 varnish',
121 verbose headers   age: '159',
121 verbose headers   connection: 'keep-alive',
121 verbose headers   'x-served-by': 'cache-ams4136-AMS',
121 verbose headers   'x-cache': 'HIT',
121 verbose headers   'x-cache-hits': '582',
121 verbose headers   'x-timer': 'S1459951838.865616,VS0,VE0',
121 verbose headers   vary: 'Accept-Encoding' }
122 silly get cb [ 200,
122 silly get   { server: 'CouchDB/1.5.0 (Erlang OTP/R16B03)',
122 silly get     etag: '"2CVDD1QTXQJQGU5RBFJG3SBY6"',
122 silly get     'content-type': 'application/json',
122 silly get     'cache-control': 'max-age=300',
122 silly get     'content-length': '119812',
122 silly get     'accept-ranges': 'bytes',
122 silly get     date: 'Wed, 06 Apr 2016 14:10:38 GMT',
122 silly get     via: '1.1 varnish',
122 silly get     age: '159',
122 silly get     connection: 'keep-alive',
122 silly get     'x-served-by': 'cache-ams4136-AMS',
122 silly get     'x-cache': 'HIT',
122 silly get     'x-cache-hits': '582',
122 silly get     'x-timer': 'S1459951838.865616,VS0,VE0',
122 silly get     vary: 'Accept-Encoding' } ]
123 verbose get saving xml2js to C:\Users\kosarev_a\AppData\Roaming\npm-cache\registry.npmjs.org\xml2js\.cache.json
124 verbose correctMkdir C:\Users\kosarev_a\AppData\Roaming\npm-cache correctMkdir not in flight; initializing
125 http 304 https://registry.npmjs.org/gulp-param
126 verbose headers { date: 'Wed, 06 Apr 2016 14:10:38 GMT',
126 verbose headers   via: '1.1 varnish',
126 verbose headers   'cache-control': 'max-age=300',
126 verbose headers   etag: '"2E7N8F0EJ4DMP1ZGLOMEEGLZB"',
126 verbose headers   age: '0',
126 verbose headers   connection: 'keep-alive',
126 verbose headers   'x-served-by': 'cache-ams4146-AMS',
126 verbose headers   'x-cache': 'HIT',
126 verbose headers   'x-cache-hits': '1',
126 verbose headers   'x-timer': 'S1459951838.860512,VS0,VE172',
126 verbose headers   vary: 'Accept-Encoding' }
127 silly get cb [ 304,
127 silly get   { date: 'Wed, 06 Apr 2016 14:10:38 GMT',
127 silly get     via: '1.1 varnish',
127 silly get     'cache-control': 'max-age=300',
127 silly get     etag: '"2E7N8F0EJ4DMP1ZGLOMEEGLZB"',
127 silly get     age: '0',
127 silly get     connection: 'keep-alive',
127 silly get     'x-served-by': 'cache-ams4146-AMS',
127 silly get     'x-cache': 'HIT',
127 silly get     'x-cache-hits': '1',
127 silly get     'x-timer': 'S1459951838.860512,VS0,VE172',
127 silly get     vary: 'Accept-Encoding' } ]
128 verbose etag https://registry.npmjs.org/gulp-param from cache
129 verbose get saving gulp-param to C:\Users\kosarev_a\AppData\Roaming\npm-cache\registry.npmjs.org\gulp-param\.cache.json
130 verbose correctMkdir C:\Users\kosarev_a\AppData\Roaming\npm-cache correctMkdir not in flight; initializing
131 verbose stack Error: No compatible version found: gulp@'>=4.0.0 <5.0.0'
131 verbose stack Valid install targets:
131 verbose stack 0.0.1, 0.0.2, 0.0.3, 0.0.4, 0.0.5, 0.0.7, 0.0.8, 0.0.9, 0.1.0, 0.2.0, 1.0.0, 1.1.0, 1.2.0, 1.2.1, 2.0.0, 2.0.1, 2.1.0, 2.2.0, 2.3.0, 2.4.0, 2.4.1, 2.6.0, 2.6.1, 2.7.0, 3.0.0, 3.1.1, 3.1.2, 3.1.3, 3.1.4, 3.2.0, 3.2.1, 3.2.2, 3.2.3, 3.2.4, 3.2.5, 3.3.0, 3.3.1, 3.3.2, 3.3.4, 3.4.0, 3.5.0, 3.5.1, 3.5.2, 3.5.5, 3.5.6, 3.6.0, 3.6.1, 3.6.2, 3.7.0, 3.8.0, 3.8.1, 3.8.2, 3.8.3, 3.8.4, 3.8.5, 3.8.6, 3.8.7, 3.8.8, 3.8.9, 3.8.10, 3.8.11, 3.9.0, 3.9.1
131 verbose stack
131 verbose stack     at installTargetsError (C:\Program Files\nodejs\node_modules\npm\lib\cache\add-named.js:292:12)
131 verbose stack     at next (C:\Program Files\nodejs\node_modules\npm\lib\cache\add-named.js:270:19)
131 verbose stack     at setData (C:\Program Files\nodejs\node_modules\npm\lib\cache\add-named.js:242:5)
131 verbose stack     at RES (C:\Program Files\nodejs\node_modules\npm\node_modules\inflight\inflight.js:23:14)
131 verbose stack     at f (C:\Program Files\nodejs\node_modules\npm\node_modules\once\once.js:17:25)
131 verbose stack     at fixName (C:\Program Files\nodejs\node_modules\npm\lib\cache\add-named.js:30:5)
131 verbose stack     at C:\Program Files\nodejs\node_modules\npm\lib\utils\pulse-till-done.js:19:8
131 verbose stack     at CachingRegistryClient.get_ (C:\Program Files\nodejs\node_modules\npm\lib\cache\caching-client.js:120:16)
131 verbose stack     at C:\Program Files\nodejs\node_modules\npm\lib\cache\caching-client.js:87:14
131 verbose stack     at C:\Program Files\nodejs\node_modules\npm\node_modules\graceful-fs\graceful-fs.js:78:16
132 verbose cwd D:\bitbucket\joomla-com-build
133 error Windows_NT 6.1.7601
134 error argv "C:\\Program Files\\nodejs\\node.exe" "C:\\Program Files\\nodejs\\node_modules\\npm\\bin\\npm-cli.js" "update"
135 error node v5.10.0
136 error npm  v3.8.3
137 error code ETARGET
138 error notarget No compatible version found: gulp@'>=4.0.0 <5.0.0'
138 error notarget Valid install targets:
138 error notarget 0.0.1, 0.0.2, 0.0.3, 0.0.4, 0.0.5, 0.0.7, 0.0.8, 0.0.9, 0.1.0, 0.2.0, 1.0.0, 1.1.0, 1.2.0, 1.2.1, 2.0.0, 2.0.1, 2.1.0, 2.2.0, 2.3.0, 2.4.0, 2.4.1, 2.6.0, 2.6.1, 2.7.0, 3.0.0, 3.1.1, 3.1.2, 3.1.3, 3.1.4, 3.2.0, 3.2.1, 3.2.2, 3.2.3, 3.2.4, 3.2.5, 3.3.0, 3.3.1, 3.3.2, 3.3.4, 3.4.0, 3.5.0, 3.5.1, 3.5.2, 3.5.5, 3.5.6, 3.6.0, 3.6.1, 3.6.2, 3.7.0, 3.8.0, 3.8.1, 3.8.2, 3.8.3, 3.8.4, 3.8.5, 3.8.6, 3.8.7, 3.8.8, 3.8.9, 3.8.10, 3.8.11, 3.9.0, 3.9.1
139 error notarget This is most likely not a problem with npm itself.
139 error notarget In most cases you or one of your dependencies are requesting
139 error notarget a package version that doesn't exist.
140 verbose exit [ 1, true ]
